<?xml version="1.0" encoding="UTF-8"?>
<!-- Generated by org.testng.reporters.JUnitReportReporter -->
<testsuite name="com.oracle.sim.testcases.Ticket.TicketListDeleteErrorMessageVerification" tests="2" time="52.356" ignored="0" failures="0" timestamp="22 Jul 2020 06:39:05 GMT" skipped="0" hostname="LAPAI-IN" errors="0">
  <testcase name="verifyRole" time="5.375" classname="com.oracle.sim.testcases.Ticket.TicketListDeleteErrorMessageVerification"/>
  <testcase name="verifyTicketListDeleteErrorMsgVerification" time="46.981" classname="com.oracle.sim.testcases.Ticket.TicketListDeleteErrorMessageVerification"/>
</testsuite> <!-- com.oracle.sim.testcases.Ticket.TicketListDeleteErrorMessageVerification -->
