<?xml version="1.0" encoding="UTF-8"?>
<!-- Generated by org.testng.reporters.JUnitReportReporter -->
<testsuite name="com.oracle.sim.testcases.Configuration.BarCodeProcessorDetail" tests="1" time="74.120" ignored="0" failures="0" timestamp="22 Jul 2020 05:59:18 GMT" skipped="0" hostname="LAPAI-IN" errors="0">
  <testcase name="barCodeProcessor" time="74.120" classname="com.oracle.sim.testcases.Configuration.BarCodeProcessorDetail"/>
</testsuite> <!-- com.oracle.sim.testcases.Configuration.BarCodeProcessorDetail -->
