<?xml version="1.0" encoding="UTF-8"?>
<!-- Generated by org.testng.reporters.JUnitReportReporter -->
<testsuite skipped="0" hostname="NIUDUPA-IN" name="com.oracle.sim.testcases.PrinterSetup.EditPrinter2" tests="2" failures="0" timestamp="11 Nov 2019 13:45:47 GMT" time="25.193" errors="0">
  <testcase name="printerSearch" time="24.267" classname="com.oracle.sim.testcases.PrinterSetup.EditPrinter2"/>
  <testcase name="printerEdit" time="0.926" classname="com.oracle.sim.testcases.PrinterSetup.EditPrinter2"/>
</testsuite> <!-- com.oracle.sim.testcases.PrinterSetup.EditPrinter2 -->
