<?xml version="1.0" encoding="UTF-8"?>
<!-- Generated by org.testng.reporters.JUnitReportReporter -->
<testsuite name="com.oracle.sim.testcases.Ticket.TicketDetailPrintButton" tests="1" time="127.786" ignored="0" failures="0" timestamp="04 Aug 2020 10:42:51 GMT" skipped="0" hostname="LAPAI-IN" errors="0">
  <testcase name="ticketPrintPermissionVerify" time="127.786" classname="com.oracle.sim.testcases.Ticket.TicketDetailPrintButton"/>
</testsuite> <!-- com.oracle.sim.testcases.Ticket.TicketDetailPrintButton -->
