<?xml version="1.0" encoding="UTF-8"?>
<!-- Generated by org.testng.reporters.JUnitReportReporter -->
<testsuite name="com.oracle.sim.testcases.InventoryAdjustmentReasons.InventoryAdjustmentReasonsCodeAddEditDelete" tests="8" time="42.466" ignored="0" failures="0" timestamp="01 Sep 2020 03:22:37 GMT" skipped="0" hostname="LAPAI-IN" errors="0">
  <testcase name="reasonsIMAdd" time="5.748" classname="com.oracle.sim.testcases.InventoryAdjustmentReasons.InventoryAdjustmentReasonsCodeAddEditDelete"/>
  <testcase name="reasonsIMEdit" time="6.892" classname="com.oracle.sim.testcases.InventoryAdjustmentReasons.InventoryAdjustmentReasonsCodeAddEditDelete"/>
  <testcase name="reasonsIMDelete" time="8.502" classname="com.oracle.sim.testcases.InventoryAdjustmentReasons.InventoryAdjustmentReasonsCodeAddEditDelete"/>
  <testcase name="reasonsIMUI" time="0.638" classname="com.oracle.sim.testcases.InventoryAdjustmentReasons.InventoryAdjustmentReasonsCodeAddEditDelete"/>
  <testcase name="reasonsIMEdit" time="6.726" classname="com.oracle.sim.testcases.InventoryAdjustmentReasons.InventoryAdjustmentReasonsCodeAddEditDelete"/>
  <testcase name="reasonsIMUI" time="0.576" classname="com.oracle.sim.testcases.InventoryAdjustmentReasons.InventoryAdjustmentReasonsCodeAddEditDelete"/>
  <testcase name="reasonsIMDelete" time="7.811" classname="com.oracle.sim.testcases.InventoryAdjustmentReasons.InventoryAdjustmentReasonsCodeAddEditDelete"/>
  <testcase name="reasonsIMAdd" time="5.573" classname="com.oracle.sim.testcases.InventoryAdjustmentReasons.InventoryAdjustmentReasonsCodeAddEditDelete"/>
</testsuite> <!-- com.oracle.sim.testcases.InventoryAdjustmentReasons.InventoryAdjustmentReasonsCodeAddEditDelete -->
