<?xml version="1.0" encoding="UTF-8"?>
<!-- Generated by org.testng.reporters.JUnitReportReporter -->
<testsuite name="com.oracle.sim.testcases.Ticket.TicketListPrintButtonPermission" tests="2" time="67.771" ignored="0" failures="0" timestamp="22 Jul 2020 06:28:56 GMT" skipped="0" hostname="LAPAI-IN" errors="0">
  <testcase name="verifyRole" time="5.292" classname="com.oracle.sim.testcases.Ticket.TicketListPrintButtonPermission"/>
  <testcase name="verifyTicketListPrintButtonPermission" time="62.479" classname="com.oracle.sim.testcases.Ticket.TicketListPrintButtonPermission"/>
</testsuite> <!-- com.oracle.sim.testcases.Ticket.TicketListPrintButtonPermission -->
