<?xml version="1.0" encoding="UTF-8"?>
<!-- Generated by org.testng.reporters.JUnitReportReporter -->
<testsuite name="com.oracle.sim.testcases.ItemBasket.SaveItemBasket" tests="3" time="60.486" ignored="0" failures="0" timestamp="25 Aug 2020 06:35:39 GMT" skipped="0" hostname="LAPAI-IN" errors="0">
  <testcase name="verifyRole" time="6.528" classname="com.oracle.sim.testcases.ItemBasket.SaveItemBasket"/>
  <testcase name="noComponentsItemBasket" time="24.579" classname="com.oracle.sim.testcases.ItemBasket.SaveItemBasket"/>
  <testcase name="AddComponentsItemBasket" time="29.379" classname="com.oracle.sim.testcases.ItemBasket.SaveItemBasket"/>
</testsuite> <!-- com.oracle.sim.testcases.ItemBasket.SaveItemBasket -->
