<?xml version="1.0" encoding="UTF-8"?>
<!-- Generated by org.testng.reporters.JUnitReportReporter -->
<testsuite name="com.oracle.sim.testcases.Ticket.TicketDetailEditTicketPermission" tests="2" time="100.675" ignored="0" failures="0" timestamp="25 Aug 2020 11:01:06 GMT" skipped="0" hostname="LAPAI-IN" errors="0">
  <testcase name="verifyTicketDetailEdit" time="30.207" classname="com.oracle.sim.testcases.Ticket.TicketDetailEditTicketPermission"/>
  <testcase name="ticketEditPermissionVerify" time="70.468" classname="com.oracle.sim.testcases.Ticket.TicketDetailEditTicketPermission"/>
</testsuite> <!-- com.oracle.sim.testcases.Ticket.TicketDetailEditTicketPermission -->
