<?xml version="1.0" encoding="UTF-8"?>
<!-- Generated by org.testng.reporters.JUnitReportReporter -->
<testsuite name="com.oracle.sim.testcases.CodeInfo.CodeInfoApply" tests="1" time="50.373" ignored="0" failures="0" timestamp="25 Aug 2020 07:13:09 GMT" skipped="0" hostname="LAPAI-IN" errors="0">
  <testcase name="codeInfoApply" time="50.373" classname="com.oracle.sim.testcases.CodeInfo.CodeInfoApply"/>
</testsuite> <!-- com.oracle.sim.testcases.CodeInfo.CodeInfoApply -->
