<?xml version="1.0" encoding="UTF-8"?>
<!-- Generated by org.testng.reporters.JUnitReportReporter -->
<testsuite name="com.oracle.sim.testcases.Ticket.TicketListCreateButtonPermissionVerification" tests="2" time="81.301" ignored="0" failures="0" timestamp="22 Jul 2020 06:34:42 GMT" skipped="0" hostname="LAPAI-IN" errors="0">
  <testcase name="verifyRole" time="5.221" classname="com.oracle.sim.testcases.Ticket.TicketListCreateButtonPermissionVerification"/>
  <testcase name="verifyTicketListCreatePermission" time="76.080" classname="com.oracle.sim.testcases.Ticket.TicketListCreateButtonPermissionVerification"/>
</testsuite> <!-- com.oracle.sim.testcases.Ticket.TicketListCreateButtonPermissionVerification -->
