<?xml version="1.0" encoding="UTF-8"?>
<!-- Generated by org.testng.reporters.JUnitReportReporter -->
<testsuite name="com.oracle.sim.testcases.Ticket.TicketDetailOverridePrice" tests="1" time="136.540" ignored="0" failures="0" timestamp="22 Jul 2020 05:51:31 GMT" skipped="0" hostname="LAPAI-IN" errors="0">
  <testcase name="ticketOverridePriceVerify" time="136.540" classname="com.oracle.sim.testcases.Ticket.TicketDetailOverridePrice"/>
</testsuite> <!-- com.oracle.sim.testcases.Ticket.TicketDetailOverridePrice -->
