<?xml version="1.0" encoding="UTF-8"?>
<!-- Generated by org.testng.reporters.JUnitReportReporter -->
<testsuite name="com.oracle.sim.testcases.JobAdmin.ViewDetailsFieldMessageDetail" tests="2" time="24.439" ignored="0" failures="0" timestamp="03 Aug 2020 10:20:23 GMT" skipped="0" hostname="LAPAI-IN" errors="0">
  <testcase name="verifyRole" time="5.747" classname="com.oracle.sim.testcases.JobAdmin.ViewDetailsFieldMessageDetail"/>
  <testcase name="verifyMessageDetail" time="18.692" classname="com.oracle.sim.testcases.JobAdmin.ViewDetailsFieldMessageDetail"/>
</testsuite> <!-- com.oracle.sim.testcases.JobAdmin.ViewDetailsFieldMessageDetail -->
