<?xml version="1.0" encoding="UTF-8"?>
<!-- Generated by org.testng.reporters.JUnitReportReporter -->
<testsuite name="com.oracle.sim.testcases.TranslationSetUp.TranslationSetUpAccessTranLanguages" tests="2" time="24.399" ignored="0" failures="0" timestamp="20 Aug 2020 04:17:31 GMT" skipped="0" hostname="LAPAI-IN" errors="0">
  <testcase name="verifyRole" time="9.008" classname="com.oracle.sim.testcases.TranslationSetUp.TranslationSetUpAccessTranLanguages"/>
  <testcase name="validateTranLanguages" time="15.391" classname="com.oracle.sim.testcases.TranslationSetUp.TranslationSetUpAccessTranLanguages"/>
</testsuite> <!-- com.oracle.sim.testcases.TranslationSetUp.TranslationSetUpAccessTranLanguages -->
