<?xml version="1.0" encoding="UTF-8"?>
<!-- Generated by org.testng.reporters.JUnitReportReporter -->
<testsuite name="com.oracle.sim.testcases.ItemBasket.ItemBasketEditInUserStore" tests="2" time="175.718" ignored="0" failures="0" timestamp="25 Aug 2020 09:12:27 GMT" skipped="0" hostname="LAPAI-IN" errors="0">
  <testcase name="ItemBasketPermissionVerify" time="100.231" classname="com.oracle.sim.testcases.ItemBasket.ItemBasketEditInUserStore"/>
  <testcase name="verifyItemBasketEditUserStore" time="75.487" classname="com.oracle.sim.testcases.ItemBasket.ItemBasketEditInUserStore"/>
</testsuite> <!-- com.oracle.sim.testcases.ItemBasket.ItemBasketEditInUserStore -->
