<?xml version="1.0" encoding="UTF-8"?>
<!-- Generated by org.testng.reporters.JUnitReportReporter -->
<testsuite name="com.oracle.sim.testcases.SupplierLookup.SupplierLookupId" tests="1" time="28.183" ignored="0" failures="0" timestamp="18 Aug 2020 11:22:46 GMT" skipped="0" hostname="LAPAI-IN" errors="0">
  <testcase name="supplierIdVerify" time="28.183" classname="com.oracle.sim.testcases.SupplierLookup.SupplierLookupId"/>
</testsuite> <!-- com.oracle.sim.testcases.SupplierLookup.SupplierLookupId -->
