<?xml version="1.0" encoding="UTF-8"?>
<!-- Generated by org.testng.reporters.JUnitReportReporter -->
<testsuite name="com.oracle.sim.testcases.Ticket.TicketListSort" tests="1" time="67.398" ignored="0" failures="0" timestamp="06 Aug 2020 06:34:35 GMT" skipped="0" hostname="LAPAI-IN" errors="0">
  <testcase name="ticketPrintSortVerify" time="67.398" classname="com.oracle.sim.testcases.Ticket.TicketListSort"/>
</testsuite> <!-- com.oracle.sim.testcases.Ticket.TicketListSort -->
