<?xml version="1.0" encoding="UTF-8"?>
<!-- Generated by org.testng.reporters.JUnitReportReporter -->
<testsuite name="com.oracle.sim.testcases.Ticket.TicketListFilter" tests="2" time="126.029" ignored="0" failures="0" timestamp="06 Aug 2020 06:46:31 GMT" skipped="0" hostname="LAPAI-IN" errors="0">
  <testcase name="ticketPrintPermissionVerify" time="12.684" classname="com.oracle.sim.testcases.Ticket.TicketListFilter"/>
  <testcase name="ticketFilterVerify" time="113.345" classname="com.oracle.sim.testcases.Ticket.TicketListFilter"/>
</testsuite> <!-- com.oracle.sim.testcases.Ticket.TicketListFilter -->
