<?xml version="1.0" encoding="UTF-8"?>
<!-- Generated by org.testng.reporters.JUnitReportReporter -->
<testsuite name="com.oracle.sim.testcases.JobAdmin.ViewDetailUi" tests="2" time="23.655" ignored="0" failures="0" timestamp="03 Aug 2020 10:17:33 GMT" skipped="0" hostname="LAPAI-IN" errors="0">
  <testcase name="verifyViewDetailUi" time="17.882" classname="com.oracle.sim.testcases.JobAdmin.ViewDetailUi"/>
  <testcase name="verifyRole" time="5.773" classname="com.oracle.sim.testcases.JobAdmin.ViewDetailUi"/>
</testsuite> <!-- com.oracle.sim.testcases.JobAdmin.ViewDetailUi -->
