<?xml version="1.0" encoding="UTF-8"?>
<!-- Generated by org.testng.reporters.JUnitReportReporter -->
<testsuite name="com.oracle.sim.testcases.ticketFilter.TicketFilterItemFieldValidation" tests="2" time="25.018" ignored="0" failures="0" timestamp="04 Sep 2020 12:37:10 GMT" skipped="0" hostname="LAPAI-IN" errors="0">
  <testcase name="verifyTicketFilterItemField" time="19.999" classname="com.oracle.sim.testcases.ticketFilter.TicketFilterItemFieldValidation"/>
  <testcase name="verifyRole" time="5.019" classname="com.oracle.sim.testcases.ticketFilter.TicketFilterItemFieldValidation"/>
</testsuite> <!-- com.oracle.sim.testcases.ticketFilter.TicketFilterItemFieldValidation -->
