<?xml version="1.0" encoding="UTF-8"?>
<!-- Generated by org.testng.reporters.JUnitReportReporter -->
<testsuite name="com.oracle.sim.testcases.ItemBasket.ItemBasketSearchCriteriahHierarchyDepartment" tests="2" time="25.264" ignored="0" failures="0" timestamp="20 Aug 2020 04:15:36 GMT" skipped="0" hostname="LAPAI-IN" errors="0">
  <testcase name="verifyDepartmentHierarchy" time="19.968" classname="com.oracle.sim.testcases.ItemBasket.ItemBasketSearchCriteriahHierarchyDepartment"/>
  <testcase name="verifyRole" time="5.296" classname="com.oracle.sim.testcases.ItemBasket.ItemBasketSearchCriteriahHierarchyDepartment"/>
</testsuite> <!-- com.oracle.sim.testcases.ItemBasket.ItemBasketSearchCriteriahHierarchyDepartment -->
