<?xml version="1.0" encoding="UTF-8"?>
<!-- Generated by org.testng.reporters.JUnitReportReporter -->
<testsuite name="com.oracle.sim.testcases.Ticket.TicketListUIandNavigation" tests="2" time="36.285" ignored="0" failures="0" timestamp="18 Aug 2020 11:59:42 GMT" skipped="0" hostname="LAPAI-IN" errors="0">
  <testcase name="ticketUIandNavigation" time="29.484" classname="com.oracle.sim.testcases.Ticket.TicketListUIandNavigation"/>
  <testcase name="verifyRole" time="6.801" classname="com.oracle.sim.testcases.Ticket.TicketListUIandNavigation"/>
</testsuite> <!-- com.oracle.sim.testcases.Ticket.TicketListUIandNavigation -->
