<?xml version="1.0" encoding="UTF-8"?>
<!-- Generated by org.testng.reporters.JUnitReportReporter -->
<testsuite skipped="0" hostname="NIUDUPA-IN" name="com.oracle.sim.testcases.login.LogoutTestcase" tests="1" failures="0" timestamp="19 Dec 2019 09:19:01 GMT" time="30.901" errors="0">
  <testcase name="userLogin" time="30.901" classname="com.oracle.sim.testcases.login.LogoutTestcase"/>
</testsuite> <!-- com.oracle.sim.testcases.login.LogoutTestcase -->
