<?xml version="1.0" encoding="UTF-8"?>
<!-- Generated by org.testng.reporters.JUnitReportReporter -->
<testsuite name="com.oracle.sim.testcases.Ticket.TicketListDeleteButtonPermissionVerification" tests="2" time="52.116" ignored="0" failures="0" timestamp="22 Jul 2020 06:36:31 GMT" skipped="0" hostname="LAPAI-IN" errors="0">
  <testcase name="verifyRole" time="5.217" classname="com.oracle.sim.testcases.Ticket.TicketListDeleteButtonPermissionVerification"/>
  <testcase name="verifyTicketListDeletePermission" time="46.899" classname="com.oracle.sim.testcases.Ticket.TicketListDeleteButtonPermissionVerification"/>
</testsuite> <!-- com.oracle.sim.testcases.Ticket.TicketListDeleteButtonPermissionVerification -->
