<?xml version="1.0" encoding="UTF-8"?>
<!-- Generated by org.testng.reporters.JUnitReportReporter -->
<testsuite name="com.oracle.sim.testcases.Ticket.TicketDetailCreateSecurityPermission" tests="1" time="75.049" ignored="0" failures="0" timestamp="25 Aug 2020 10:14:13 GMT" skipped="0" hostname="LAPAI-IN" errors="0">
  <testcase name="ticketPermissionVerify" time="75.049" classname="com.oracle.sim.testcases.Ticket.TicketDetailCreateSecurityPermission"/>
</testsuite> <!-- com.oracle.sim.testcases.Ticket.TicketDetailCreateSecurityPermission -->
