<?xml version="1.0" encoding="UTF-8"?>
<!-- Generated by org.testng.reporters.JUnitReportReporter -->
<testsuite name="com.oracle.sim.testcases.Ticket.TicketDetailPrintQuantityField" tests="2" time="79.407" ignored="0" failures="0" timestamp="25 Aug 2020 11:03:12 GMT" skipped="0" hostname="LAPAI-IN" errors="0">
  <testcase name="verifyTicketDetailPrintQuantity" time="54.759" classname="com.oracle.sim.testcases.Ticket.TicketDetailPrintQuantityField"/>
  <testcase name="ticketPermissionVerify" time="24.648" classname="com.oracle.sim.testcases.Ticket.TicketDetailPrintQuantityField"/>
</testsuite> <!-- com.oracle.sim.testcases.Ticket.TicketDetailPrintQuantityField -->
