<?xml version="1.0" encoding="UTF-8"?>
<!-- Generated by org.testng.reporters.JUnitReportReporter -->
<testsuite name="com.oracle.sim.testcases.CodeInfo.CodeInfoGridBar" tests="1" time="33.868" ignored="0" failures="0" timestamp="18 Aug 2020 11:54:51 GMT" skipped="0" hostname="LAPAI-IN" errors="0">
  <testcase name="codeInfoGridBarVerify" time="33.868" classname="com.oracle.sim.testcases.CodeInfo.CodeInfoGridBar"/>
</testsuite> <!-- com.oracle.sim.testcases.CodeInfo.CodeInfoGridBar -->
